<testsuites errors="0" failures="1" tests="17">
  <testsuite errors="0" failures="1" name="minSNP RUnit Tests" tests="17">
    <testcase name="test.flag" time="0.72"/>
    <testcase name="test.flagPosition" time="11.85"/>
    <testcase name="test.processAllele" time="0.4"/>
    <testcase name="test.setUp" time="0.4"/>
    <testcase name="test.tearDown" time="0"/>
    <testcase name="test.usualLength" time="0.4"/>
    <testcase name="test.present.percent" time="4.83"/>
    <testcase name="test.setUp" time="0.15"/>
    <testcase name="test.similar.percent" time="3.07"/>
    <testcase name="test.tearDown" time="0"/>
    <testcase name="test.branch.simpson" time="122.77"/>
    <testcase name="test.present.simpson">
      <failure message="Error in checkEquals(output[[1]]$Index, result[[1]][[3]]$index) : &#10;  Modes: character, numeric&#10;target is character, current is numeric&#10;&#10;" type="FAILURE"/>
    </testcase>
    <testcase name="test.setUp" time="0.13"/>
    <testcase name="test.similar.simpson" time="70.06"/>
    <testcase name="test.simpson.calculate" time="0"/>
    <testcase name="test.simpson.pattern" time="0.13"/>
    <testcase name="test.tearDown" time="0"/>
  </testsuite>
</testsuites>
